<?xml version="1.0" encoding="UTF-8"?>
<!-- Generated by org.testng.reporters.JUnitReportReporter -->
<testsuite skipped="0" hostname="DESKTOP-INC4AG8" name="com.rest.Serialisedtest" tests="1" failures="0" timestamp="2020-04-29T21:51:33 IST" time="5.883" errors="0">
  <testcase name="serialtest" time="5.883" classname="com.rest.Serialisedtest"/>
  <system-out/>
</testsuite> <!-- com.rest.Serialisedtest -->
