<?xml version="1.0" encoding="UTF-8"?>
<!-- Generated by org.testng.reporters.JUnitReportReporter -->
<testsuite skipped="0" hostname="DESKTOP-INC4AG8" name="com.rest.Employees" tests="1" failures="0" timestamp="2020-05-22T15:56:00 IST" time="6.314" errors="0">
  <testcase name="addemployee" time="6.314" classname="com.rest.Employees"/>
  <system-out/>
</testsuite> <!-- com.rest.Employees -->
