<?xml version="1.0" encoding="UTF-8"?>
<!-- Generated by org.testng.reporters.JUnitReportReporter -->
<testsuite skipped="0" hostname="DESKTOP-INC4AG8" name="com.rest.SpecBuilderTest" tests="1" failures="0" timestamp="2020-05-07T22:31:40 IST" time="5.209" errors="0">
  <testcase name="serialtest" time="5.209" classname="com.rest.SpecBuilderTest"/>
  <system-out/>
</testsuite> <!-- com.rest.SpecBuilderTest -->
