<?xml version="1.0" encoding="UTF-8"?>
<!-- Generated by org.testng.reporters.JUnitReportReporter -->
<testsuite skipped="0" hostname="DESKTOP-INC4AG8" name="com.rest.SumValidation" tests="1" failures="0" timestamp="2020-04-16T21:52:16 IST" time="2.186" errors="0">
  <testcase name="sumvalidation" time="2.186" classname="com.rest.SumValidation"/>
  <system-out/>
</testsuite> <!-- com.rest.SumValidation -->
