<?xml version="1.0" encoding="UTF-8"?>
<!-- Generated by org.testng.reporters.JUnitReportReporter -->
<testsuite skipped="0" hostname="DESKTOP-INC4AG8" name="com.rest.DynamicJson" tests="4" failures="0" timestamp="2020-04-18T15:15:13 IST" time="5.290" errors="0">
  <testcase name="AddLib" time="0.372" classname="com.rest.DynamicJson"/>
  <system-out/>
  <testcase name="AddLib" time="4.246" classname="com.rest.DynamicJson"/>
  <system-out/>
  <testcase name="AddLib" time="0.355" classname="com.rest.DynamicJson"/>
  <system-out/>
  <testcase name="AddLib" time="0.317" classname="com.rest.DynamicJson"/>
  <system-out/>
</testsuite> <!-- com.rest.DynamicJson -->
