<?xml version="1.0" encoding="UTF-8"?>
<!-- Generated by org.testng.reporters.JUnitReportReporter -->
<testsuite skipped="0" hostname="DESKTOP-INC4AG8" name="com.rest.GoRest" tests="1" failures="0" timestamp="2020-05-25T14:47:51 IST" time="9.132" errors="0">
  <testcase name="gorest" time="9.132" classname="com.rest.GoRest"/>
  <system-out/>
</testsuite> <!-- com.rest.GoRest -->
