<?xml version="1.0" encoding="UTF-8"?>
<!-- Generated by org.testng.reporters.JUnitReportReporter -->
<testsuite skipped="0" hostname="DESKTOP-INC4AG8" name="com.rest.OauthDemo" tests="1" failures="0" timestamp="2020-04-27T10:21:22 IST" time="6.904" errors="0">
  <testcase name="oauthdemo" time="6.904" classname="com.rest.OauthDemo"/>
  <system-out/>
</testsuite> <!-- com.rest.OauthDemo -->
